<?xml version="1.0" encoding="UTF-8"?>
<!-- Generated by org.testng.reporters.JUnitReportReporter -->
<testsuite skipped="1" hostname="DESKTOP-3UQ4SG0" name="com.hrms.testcases.AddEmployeeTest" tests="1" failures="0" timestamp="2020-05-31T13:00:27 EDT" time="0.000" errors="0">
  <testcase name="addEmployee" time="0.000" classname="com.hrms.testcases.AddEmployeeTest">
    <skipped/>
  </testcase> <!-- addEmployee -->
  <system-out/>
</testsuite> <!-- com.hrms.testcases.AddEmployeeTest -->
